[::1]:58637 - - [24/Jan/2025:11:41:44 +0100] "GET / HTTP/1.1" 200 13 "-" "Mozilla/5.0 (compatible; Googlebot/2.1; +http://www.google.com/bot.html)"
[::1]:58638 - - [24/Jan/2025:11:41:44 +0100] "GET / HTTP/1.1" 200 13 "-" "Mozilla/5.0 (X11; Linux x86_64) AppleWebKit/537.36 (KHTML, like Gecko) Chrome/91.0.4472.101 Safari/537.36"
[::1]:58639 - - [24/Jan/2025:11:41:44 +0100] "GET / HTTP/1.1" 200 13 "-" "Mozilla/5.0 (compatible; Googlebot/2.1; +http://www.google.com/bot.html)"
[::1]:58640 - - [24/Jan/2025:11:41:44 +0100] "GET / HTTP/1.1" 200 13 "-" "Mozilla/5.0 (X11; Ubuntu; Linux x86_64; rv:89.0) Gecko/20100101 Firefox/89.0"
[::1]:58641 - - [24/Jan/2025:11:41:44 +0100] "GET / HTTP/1.1" 200 13 "-" "Mozilla/5.0 (iPad; CPU OS 14_6 like Mac OS X) AppleWebKit/605.1.15 (KHTML, like Gecko) Version/14.1.1 Mobile/15E148 Safari/604.1"
[::1]:58642 - - [24/Jan/2025:11:41:44 +0100] "GET / HTTP/1.1" 200 13 "-" "Mozilla/5.0 (Windows NT 10.0; Win64; x64; rv:89.0) Gecko/20100101 Firefox/89.0"
[::1]:58643 - - [24/Jan/2025:11:41:44 +0100] "GET / HTTP/1.1" 200 13 "-" "Mozilla/5.0 (Macintosh; Intel Mac OS X 10_15_7) AppleWebKit/605.1.15 (KHTML, like Gecko) Version/14.1.1 Safari/605.1.15"
[::1]:58644 - - [24/Jan/2025:11:41:44 +0100] "GET / HTTP/1.1" 200 13 "-" "Mozilla/5.0 (Windows NT 10.0; Win64; x64; rv:89.0) Gecko/20100101 Firefox/89.0"
[::1]:58645 - - [24/Jan/2025:11:41:44 +0100] "GET / HTTP/1.1" 200 13 "-" "Mozilla/5.0 (iPad; CPU OS 14_6 like Mac OS X) AppleWebKit/605.1.15 (KHTML, like Gecko) Version/14.1.1 Mobile/15E148 Safari/604.1"
[::1]:58646 - - [24/Jan/2025:11:41:44 +0100] "GET / HTTP/1.1" 200 13 "-" "Mozilla/5.0 (Macintosh; Intel Mac OS X 10_15_7) AppleWebKit/605.1.15 (KHTML, like Gecko) Version/14.1.1 Safari/605.1.15"
[::1]:58647 - - [24/Jan/2025:11:41:44 +0100] "GET / HTTP/1.1" 200 13 "-" "Mozilla/5.0 (Android 11; Mobile; rv:68.0) Gecko/68.0 Firefox/89.0"
[::1]:58648 - - [24/Jan/2025:11:41:45 +0100] "GET / HTTP/1.1" 200 13 "-" "Mozilla/5.0 (iPad; CPU OS 14_6 like Mac OS X) AppleWebKit/605.1.15 (KHTML, like Gecko) Version/14.1.1 Mobile/15E148 Safari/604.1"
[::1]:58649 - - [24/Jan/2025:11:41:45 +0100] "GET / HTTP/1.1" 200 13 "-" "Mozilla/5.0 (compatible; Googlebot/2.1; +http://www.google.com/bot.html)"
[::1]:58650 - - [24/Jan/2025:11:41:45 +0100] "GET / HTTP/1.1" 200 13 "-" "Mozilla/5.0 (Windows NT 10.0; Win64; x64) AppleWebKit/537.36 (KHTML, like Gecko) Chrome/91.0.4472.124 Safari/537.36"
[::1]:58651 - - [24/Jan/2025:11:41:45 +0100] "GET / HTTP/1.1" 200 13 "-" "Mozilla/5.0 (iPhone; CPU iPhone OS 14_6 like Mac OS X) AppleWebKit/605.1.15 (KHTML, like Gecko) Version/14.1.1 Mobile/15E148 Safari/604.1"
[::1]:58652 - - [24/Jan/2025:11:41:45 +0100] "GET / HTTP/1.1" 200 13 "-" "Mozilla/5.0 (Windows NT 10.0; Win64; x64) AppleWebKit/537.36 (KHTML, like Gecko) Chrome/91.0.4472.124 Safari/537.36"
[::1]:58653 - - [24/Jan/2025:11:41:45 +0100] "GET / HTTP/1.1" 200 13 "-" "Mozilla/5.0 (Windows NT 10.0; Win64; x64; rv:89.0) Gecko/20100101 Firefox/89.0"
[::1]:58654 - - [24/Jan/2025:11:41:45 +0100] "GET / HTTP/1.1" 200 13 "-" "Mozilla/5.0 (Macintosh; Intel Mac OS X 10.15; rv:89.0) Gecko/20100101 Firefox/89.0"
[::1]:58655 - - [24/Jan/2025:11:41:45 +0100] "GET / HTTP/1.1" 200 13 "-" "Mozilla/5.0 (X11; Linux x86_64) AppleWebKit/537.36 (KHTML, like Gecko) Chrome/91.0.4472.101 Safari/537.36"
[::1]:58656 - - [24/Jan/2025:11:41:45 +0100] "GET / HTTP/1.1" 200 13 "-" "Mozilla/5.0 (Windows NT 10.0; Win64; x64; rv:89.0) Gecko/20100101 Firefox/89.0"
[::1]:58657 - - [24/Jan/2025:11:41:45 +0100] "GET / HTTP/1.1" 200 13 "-" "Mozilla/5.0 (Macintosh; Intel Mac OS X 10.15; rv:89.0) Gecko/20100101 Firefox/89.0"
[::1]:58658 - - [24/Jan/2025:11:41:45 +0100] "GET / HTTP/1.1" 200 13 "-" "Mozilla/5.0 (Android 11; Mobile; rv:68.0) Gecko/68.0 Firefox/89.0"
[::1]:58659 - - [24/Jan/2025:11:41:45 +0100] "GET / HTTP/1.1" 200 13 "-" "Mozilla/5.0 (Macintosh; Intel Mac OS X 10.15; rv:89.0) Gecko/20100101 Firefox/89.0"
[::1]:58660 - - [24/Jan/2025:11:41:45 +0100] "GET / HTTP/1.1" 200 13 "-" "Mozilla/5.0 (iPad; CPU OS 14_6 like Mac OS X) AppleWebKit/605.1.15 (KHTML, like Gecko) Version/14.1.1 Mobile/15E148 Safari/604.1"
[::1]:58661 - - [24/Jan/2025:11:41:45 +0100] "GET / HTTP/1.1" 200 13 "-" "Mozilla/5.0 (Macintosh; Intel Mac OS X 10.15; rv:89.0) Gecko/20100101 Firefox/89.0"
[::1]:58662 - - [24/Jan/2025:11:41:45 +0100] "GET / HTTP/1.1" 200 13 "-" "Mozilla/5.0 (Windows NT 10.0; Win64; x64; rv:89.0) Gecko/20100101 Firefox/89.0"
[::1]:58663 - - [24/Jan/2025:11:41:45 +0100] "GET / HTTP/1.1" 200 13 "-" "Mozilla/5.0 (X11; Ubuntu; Linux x86_64; rv:89.0) Gecko/20100101 Firefox/89.0"
[::1]:58664 - - [24/Jan/2025:11:41:45 +0100] "GET / HTTP/1.1" 200 13 "-" "Mozilla/5.0 (Macintosh; Intel Mac OS X 10_15_7) AppleWebKit/605.1.15 (KHTML, like Gecko) Version/14.1.1 Safari/605.1.15"
[::1]:58665 - - [24/Jan/2025:11:41:45 +0100] "GET / HTTP/1.1" 200 13 "-" "Mozilla/5.0 (iPad; CPU OS 14_6 like Mac OS X) AppleWebKit/605.1.15 (KHTML, like Gecko) Version/14.1.1 Mobile/15E148 Safari/604.1"
[::1]:58666 - - [24/Jan/2025:11:41:45 +0100] "GET / HTTP/1.1" 200 13 "-" "Mozilla/5.0 (Macintosh; Intel Mac OS X 10.15; rv:89.0) Gecko/20100101 Firefox/89.0"
[::1]:58667 - - [24/Jan/2025:11:41:45 +0100] "GET / HTTP/1.1" 200 13 "-" "Mozilla/5.0 (Macintosh; Intel Mac OS X 10.15; rv:89.0) Gecko/20100101 Firefox/89.0"
[::1]:58668 - - [24/Jan/2025:11:41:45 +0100] "GET / HTTP/1.1" 200 13 "-" "Mozilla/5.0 (Windows NT 10.0; Win64; x64; rv:89.0) Gecko/20100101 Firefox/89.0"
[::1]:58669 - - [24/Jan/2025:11:41:45 +0100] "GET / HTTP/1.1" 200 13 "-" "Mozilla/5.0 (X11; Ubuntu; Linux x86_64; rv:89.0) Gecko/20100101 Firefox/89.0"
[::1]:58670 - - [24/Jan/2025:11:41:45 +0100] "GET / HTTP/1.1" 200 13 "-" "Mozilla/5.0 (compatible; Googlebot/2.1; +http://www.google.com/bot.html)"
[::1]:58671 - - [24/Jan/2025:11:41:45 +0100] "GET / HTTP/1.1" 200 13 "-" "Mozilla/5.0 (Macintosh; Intel Mac OS X 10.15; rv:89.0) Gecko/20100101 Firefox/89.0"
[::1]:58672 - - [24/Jan/2025:11:41:45 +0100] "GET / HTTP/1.1" 200 13 "-" "Mozilla/5.0 (compatible; Googlebot/2.1; +http://www.google.com/bot.html)"
[::1]:58673 - - [24/Jan/2025:11:41:46 +0100] "GET / HTTP/1.1" 200 13 "-" "Mozilla/5.0 (iPhone; CPU iPhone OS 14_6 like Mac OS X) AppleWebKit/605.1.15 (KHTML, like Gecko) Version/14.1.1 Mobile/15E148 Safari/604.1"
[::1]:58674 - - [24/Jan/2025:11:41:46 +0100] "GET / HTTP/1.1" 200 13 "-" "Mozilla/5.0 (X11; Linux x86_64) AppleWebKit/537.36 (KHTML, like Gecko) Chrome/91.0.4472.101 Safari/537.36"
[::1]:58675 - - [24/Jan/2025:11:41:46 +0100] "GET / HTTP/1.1" 200 13 "-" "Mozilla/5.0 (Macintosh; Intel Mac OS X 10.15; rv:89.0) Gecko/20100101 Firefox/89.0"
[::1]:58676 - - [24/Jan/2025:11:41:46 +0100] "GET / HTTP/1.1" 200 13 "-" "Mozilla/5.0 (iPhone; CPU iPhone OS 14_6 like Mac OS X) AppleWebKit/605.1.15 (KHTML, like Gecko) Version/14.1.1 Mobile/15E148 Safari/604.1"
[::1]:58677 - - [24/Jan/2025:11:41:46 +0100] "GET / HTTP/1.1" 200 13 "-" "Mozilla/5.0 (X11; Linux x86_64) AppleWebKit/537.36 (KHTML, like Gecko) Chrome/91.0.4472.101 Safari/537.36"
[::1]:58678 - - [24/Jan/2025:11:41:46 +0100] "GET / HTTP/1.1" 200 13 "-" "Mozilla/5.0 (Android 11; Mobile; rv:68.0) Gecko/68.0 Firefox/89.0"
[::1]:58679 - - [24/Jan/2025:11:41:46 +0100] "GET / HTTP/1.1" 200 13 "-" "Mozilla/5.0 (Windows NT 10.0; Win64; x64) AppleWebKit/537.36 (KHTML, like Gecko) Chrome/91.0.4472.124 Safari/537.36"
[::1]:58680 - - [24/Jan/2025:11:41:46 +0100] "GET / HTTP/1.1" 200 13 "-" "Mozilla/5.0 (Windows NT 10.0; Win64; x64; rv:89.0) Gecko/20100101 Firefox/89.0"
[::1]:58681 - - [24/Jan/2025:11:41:46 +0100] "GET / HTTP/1.1" 200 13 "-" "Mozilla/5.0 (X11; Linux x86_64) AppleWebKit/537.36 (KHTML, like Gecko) Chrome/91.0.4472.101 Safari/537.36"
[::1]:58682 - - [24/Jan/2025:11:41:46 +0100] "GET / HTTP/1.1" 200 13 "-" "Mozilla/5.0 (iPad; CPU OS 14_6 like Mac OS X) AppleWebKit/605.1.15 (KHTML, like Gecko) Version/14.1.1 Mobile/15E148 Safari/604.1"
[::1]:58683 - - [24/Jan/2025:11:41:46 +0100] "GET / HTTP/1.1" 200 13 "-" "Mozilla/5.0 (X11; Linux x86_64) AppleWebKit/537.36 (KHTML, like Gecko) Chrome/91.0.4472.101 Safari/537.36"
[::1]:58684 - - [24/Jan/2025:11:41:46 +0100] "GET / HTTP/1.1" 200 13 "-" "Mozilla/5.0 (X11; Ubuntu; Linux x86_64; rv:89.0) Gecko/20100101 Firefox/89.0"
[::1]:58685 - - [24/Jan/2025:11:41:46 +0100] "GET / HTTP/1.1" 200 13 "-" "Mozilla/5.0 (X11; Linux x86_64) AppleWebKit/537.36 (KHTML, like Gecko) Chrome/91.0.4472.101 Safari/537.36"
[::1]:58686 - - [24/Jan/2025:11:41:46 +0100] "GET / HTTP/1.1" 200 13 "-" "Mozilla/5.0 (Macintosh; Intel Mac OS X 10.15; rv:89.0) Gecko/20100101 Firefox/89.0"
[::1]:58687 - - [24/Jan/2025:11:41:46 +0100] "GET / HTTP/1.1" 200 13 "-" "Mozilla/5.0 (Windows NT 10.0; Win64; x64) AppleWebKit/537.36 (KHTML, like Gecko) Chrome/91.0.4472.124 Safari/537.36"
[::1]:58688 - - [24/Jan/2025:11:41:46 +0100] "GET / HTTP/1.1" 200 13 "-" "Mozilla/5.0 (X11; Ubuntu; Linux x86_64; rv:89.0) Gecko/20100101 Firefox/89.0"
[::1]:58689 - - [24/Jan/2025:11:41:46 +0100] "GET / HTTP/1.1" 200 13 "-" "Mozilla/5.0 (Macintosh; Intel Mac OS X 10_15_7) AppleWebKit/605.1.15 (KHTML, like Gecko) Version/14.1.1 Safari/605.1.15"
[::1]:58690 - - [24/Jan/2025:11:41:46 +0100] "GET / HTTP/1.1" 200 13 "-" "Mozilla/5.0 (X11; Ubuntu; Linux x86_64; rv:89.0) Gecko/20100101 Firefox/89.0"
[::1]:58691 - - [24/Jan/2025:11:41:46 +0100] "GET / HTTP/1.1" 200 13 "-" "Mozilla/5.0 (iPad; CPU OS 14_6 like Mac OS X) AppleWebKit/605.1.15 (KHTML, like Gecko) Version/14.1.1 Mobile/15E148 Safari/604.1"
[::1]:58692 - - [24/Jan/2025:11:41:46 +0100] "GET / HTTP/1.1" 200 13 "-" "Mozilla/5.0 (X11; Linux x86_64) AppleWebKit/537.36 (KHTML, like Gecko) Chrome/91.0.4472.101 Safari/537.36"
[::1]:58693 - - [24/Jan/2025:11:41:46 +0100] "GET / HTTP/1.1" 200 13 "-" "Mozilla/5.0 (iPad; CPU OS 14_6 like Mac OS X) AppleWebKit/605.1.15 (KHTML, like Gecko) Version/14.1.1 Mobile/15E148 Safari/604.1"
[::1]:58694 - - [24/Jan/2025:11:41:46 +0100] "GET / HTTP/1.1" 200 13 "-" "Mozilla/5.0 (Android 11; Mobile; rv:68.0) Gecko/68.0 Firefox/89.0"
[::1]:58695 - - [24/Jan/2025:11:41:46 +0100] "GET / HTTP/1.1" 200 13 "-" "Mozilla/5.0 (Macintosh; Intel Mac OS X 10.15; rv:89.0) Gecko/20100101 Firefox/89.0"
[::1]:58696 - - [24/Jan/2025:11:41:46 +0100] "GET / HTTP/1.1" 200 13 "-" "Mozilla/5.0 (X11; Ubuntu; Linux x86_64; rv:89.0) Gecko/20100101 Firefox/89.0"
[::1]:58697 - - [24/Jan/2025:11:41:46 +0100] "GET / HTTP/1.1" 200 13 "-" "Mozilla/5.0 (compatible; Googlebot/2.1; +http://www.google.com/bot.html)"
[::1]:58698 - - [24/Jan/2025:11:41:47 +0100] "GET / HTTP/1.1" 200 13 "-" "Mozilla/5.0 (Macintosh; Intel Mac OS X 10.15; rv:89.0) Gecko/20100101 Firefox/89.0"
[::1]:58699 - - [24/Jan/2025:11:41:47 +0100] "GET / HTTP/1.1" 200 13 "-" "Mozilla/5.0 (X11; Linux x86_64) AppleWebKit/537.36 (KHTML, like Gecko) Chrome/91.0.4472.101 Safari/537.36"
[::1]:58700 - - [24/Jan/2025:11:41:47 +0100] "GET / HTTP/1.1" 200 13 "-" "Mozilla/5.0 (iPhone; CPU iPhone OS 14_6 like Mac OS X) AppleWebKit/605.1.15 (KHTML, like Gecko) Version/14.1.1 Mobile/15E148 Safari/604.1"
[::1]:58701 - - [24/Jan/2025:11:41:47 +0100] "GET / HTTP/1.1" 200 13 "-" "Mozilla/5.0 (iPhone; CPU iPhone OS 14_6 like Mac OS X) AppleWebKit/605.1.15 (KHTML, like Gecko) Version/14.1.1 Mobile/15E148 Safari/604.1"
[::1]:58702 - - [24/Jan/2025:11:41:47 +0100] "GET / HTTP/1.1" 200 13 "-" "Mozilla/5.0 (X11; Ubuntu; Linux x86_64; rv:89.0) Gecko/20100101 Firefox/89.0"
[::1]:58703 - - [24/Jan/2025:11:41:47 +0100] "GET / HTTP/1.1" 200 13 "-" "Mozilla/5.0 (X11; Ubuntu; Linux x86_64; rv:89.0) Gecko/20100101 Firefox/89.0"
[::1]:58704 - - [24/Jan/2025:11:41:47 +0100] "GET / HTTP/1.1" 200 13 "-" "Mozilla/5.0 (X11; Ubuntu; Linux x86_64; rv:89.0) Gecko/20100101 Firefox/89.0"
[::1]:58705 - - [24/Jan/2025:11:41:47 +0100] "GET / HTTP/1.1" 200 13 "-" "Mozilla/5.0 (compatible; Googlebot/2.1; +http://www.google.com/bot.html)"
[::1]:58706 - - [24/Jan/2025:11:41:47 +0100] "GET / HTTP/1.1" 200 13 "-" "Mozilla/5.0 (Windows NT 10.0; Win64; x64) AppleWebKit/537.36 (KHTML, like Gecko) Chrome/91.0.4472.124 Safari/537.36"
[::1]:58707 - - [24/Jan/2025:11:41:47 +0100] "GET / HTTP/1.1" 200 13 "-" "Mozilla/5.0 (Macintosh; Intel Mac OS X 10.15; rv:89.0) Gecko/20100101 Firefox/89.0"
[::1]:58710 - - [24/Jan/2025:11:41:47 +0100] "GET / HTTP/1.1" 200 13 "-" "Mozilla/5.0 (iPad; CPU OS 14_6 like Mac OS X) AppleWebKit/605.1.15 (KHTML, like Gecko) Version/14.1.1 Mobile/15E148 Safari/604.1"
[::1]:58711 - - [24/Jan/2025:11:41:47 +0100] "GET / HTTP/1.1" 200 13 "-" "Mozilla/5.0 (Windows NT 10.0; Win64; x64; rv:89.0) Gecko/20100101 Firefox/89.0"
[::1]:58712 - - [24/Jan/2025:11:41:47 +0100] "GET / HTTP/1.1" 200 13 "-" "Mozilla/5.0 (Macintosh; Intel Mac OS X 10_15_7) AppleWebKit/605.1.15 (KHTML, like Gecko) Version/14.1.1 Safari/605.1.15"
[::1]:58713 - - [24/Jan/2025:11:41:47 +0100] "GET / HTTP/1.1" 200 13 "-" "Mozilla/5.0 (iPhone; CPU iPhone OS 14_6 like Mac OS X) AppleWebKit/605.1.15 (KHTML, like Gecko) Version/14.1.1 Mobile/15E148 Safari/604.1"
[::1]:58714 - - [24/Jan/2025:11:41:47 +0100] "GET / HTTP/1.1" 200 13 "-" "Mozilla/5.0 (X11; Linux x86_64) AppleWebKit/537.36 (KHTML, like Gecko) Chrome/91.0.4472.101 Safari/537.36"
[::1]:58715 - - [24/Jan/2025:11:41:47 +0100] "GET / HTTP/1.1" 200 13 "-" "Mozilla/5.0 (X11; Linux x86_64) AppleWebKit/537.36 (KHTML, like Gecko) Chrome/91.0.4472.101 Safari/537.36"
[::1]:58716 - - [24/Jan/2025:11:41:47 +0100] "GET / HTTP/1.1" 200 13 "-" "Mozilla/5.0 (compatible; Googlebot/2.1; +http://www.google.com/bot.html)"
[::1]:58717 - - [24/Jan/2025:11:41:47 +0100] "GET / HTTP/1.1" 200 13 "-" "Mozilla/5.0 (Windows NT 10.0; Win64; x64; rv:89.0) Gecko/20100101 Firefox/89.0"
[::1]:58718 - - [24/Jan/2025:11:41:47 +0100] "GET / HTTP/1.1" 200 13 "-" "Mozilla/5.0 (Macintosh; Intel Mac OS X 10.15; rv:89.0) Gecko/20100101 Firefox/89.0"
[::1]:58719 - - [24/Jan/2025:11:41:47 +0100] "GET / HTTP/1.1" 200 13 "-" "Mozilla/5.0 (Macintosh; Intel Mac OS X 10_15_7) AppleWebKit/605.1.15 (KHTML, like Gecko) Version/14.1.1 Safari/605.1.15"
[::1]:58720 - - [24/Jan/2025:11:41:47 +0100] "GET / HTTP/1.1" 200 13 "-" "Mozilla/5.0 (Android 11; Mobile; rv:68.0) Gecko/68.0 Firefox/89.0"
[::1]:58721 - - [24/Jan/2025:11:41:47 +0100] "GET / HTTP/1.1" 200 13 "-" "Mozilla/5.0 (Windows NT 10.0; Win64; x64; rv:89.0) Gecko/20100101 Firefox/89.0"
[::1]:58722 - - [24/Jan/2025:11:41:47 +0100] "GET / HTTP/1.1" 200 13 "-" "Mozilla/5.0 (Windows NT 10.0; Win64; x64) AppleWebKit/537.36 (KHTML, like Gecko) Chrome/91.0.4472.124 Safari/537.36"
[::1]:58723 - - [24/Jan/2025:11:41:47 +0100] "GET / HTTP/1.1" 200 13 "-" "Mozilla/5.0 (iPad; CPU OS 14_6 like Mac OS X) AppleWebKit/605.1.15 (KHTML, like Gecko) Version/14.1.1 Mobile/15E148 Safari/604.1"
[::1]:58724 - - [24/Jan/2025:11:41:47 +0100] "GET / HTTP/1.1" 200 13 "-" "Mozilla/5.0 (iPhone; CPU iPhone OS 14_6 like Mac OS X) AppleWebKit/605.1.15 (KHTML, like Gecko) Version/14.1.1 Mobile/15E148 Safari/604.1"
[::1]:58725 - - [24/Jan/2025:11:41:47 +0100] "GET / HTTP/1.1" 200 13 "-" "Mozilla/5.0 (Macintosh; Intel Mac OS X 10.15; rv:89.0) Gecko/20100101 Firefox/89.0"
[::1]:58726 - - [24/Jan/2025:11:41:47 +0100] "GET / HTTP/1.1" 200 13 "-" "Mozilla/5.0 (Macintosh; Intel Mac OS X 10_15_7) AppleWebKit/605.1.15 (KHTML, like Gecko) Version/14.1.1 Safari/605.1.15"
[::1]:58727 - - [24/Jan/2025:11:41:48 +0100] "GET / HTTP/1.1" 200 13 "-" "Mozilla/5.0 (Macintosh; Intel Mac OS X 10.15; rv:89.0) Gecko/20100101 Firefox/89.0"
[::1]:58728 - - [24/Jan/2025:11:41:48 +0100] "GET / HTTP/1.1" 200 13 "-" "Mozilla/5.0 (compatible; Googlebot/2.1; +http://www.google.com/bot.html)"
[::1]:58729 - - [24/Jan/2025:11:41:48 +0100] "GET / HTTP/1.1" 200 13 "-" "Mozilla/5.0 (Android 11; Mobile; rv:68.0) Gecko/68.0 Firefox/89.0"
[::1]:58730 - - [24/Jan/2025:11:41:48 +0100] "GET / HTTP/1.1" 200 13 "-" "Mozilla/5.0 (Macintosh; Intel Mac OS X 10.15; rv:89.0) Gecko/20100101 Firefox/89.0"
[::1]:58731 - - [24/Jan/2025:11:41:48 +0100] "GET / HTTP/1.1" 200 13 "-" "Mozilla/5.0 (X11; Linux x86_64) AppleWebKit/537.36 (KHTML, like Gecko) Chrome/91.0.4472.101 Safari/537.36"
[::1]:58732 - - [24/Jan/2025:11:41:48 +0100] "GET / HTTP/1.1" 200 13 "-" "Mozilla/5.0 (Windows NT 10.0; Win64; x64; rv:89.0) Gecko/20100101 Firefox/89.0"
[::1]:58733 - - [24/Jan/2025:11:41:48 +0100] "GET / HTTP/1.1" 200 13 "-" "Mozilla/5.0 (Macintosh; Intel Mac OS X 10.15; rv:89.0) Gecko/20100101 Firefox/89.0"
[::1]:58734 - - [24/Jan/2025:11:41:48 +0100] "GET / HTTP/1.1" 200 13 "-" "Mozilla/5.0 (X11; Linux x86_64) AppleWebKit/537.36 (KHTML, like Gecko) Chrome/91.0.4472.101 Safari/537.36"
[::1]:58735 - - [24/Jan/2025:11:41:48 +0100] "GET / HTTP/1.1" 200 13 "-" "Mozilla/5.0 (Windows NT 10.0; Win64; x64) AppleWebKit/537.36 (KHTML, like Gecko) Chrome/91.0.4472.124 Safari/537.36"
[::1]:58736 - - [24/Jan/2025:11:41:48 +0100] "GET / HTTP/1.1" 200 13 "-" "Mozilla/5.0 (iPad; CPU OS 14_6 like Mac OS X) AppleWebKit/605.1.15 (KHTML, like Gecko) Version/14.1.1 Mobile/15E148 Safari/604.1"
[::1]:58737 - - [24/Jan/2025:11:41:48 +0100] "GET / HTTP/1.1" 200 13 "-" "Mozilla/5.0 (iPad; CPU OS 14_6 like Mac OS X) AppleWebKit/605.1.15 (KHTML, like Gecko) Version/14.1.1 Mobile/15E148 Safari/604.1"
[::1]:58738 - - [24/Jan/2025:11:41:48 +0100] "GET / HTTP/1.1" 200 13 "-" "Mozilla/5.0 (Macintosh; Intel Mac OS X 10.15; rv:89.0) Gecko/20100101 Firefox/89.0"
